# JRE version: Java(TM) SE Runtime Environment (8.0_40-b25) (build 1.8.0_40-b25)
# Java VM: Java HotSpot(TM) 64-Bit Server VM (25.40-b25 mixed mode windows-amd64 compressed oops)
Heap:
 PSYoungGen      total 135168K, used 123259K [0x00000000f5580000, 0x0000000100000000, 0x0000000100000000)
  eden space 104960K, 95% used [0x00000000f5580000,0x00000000fb796b90,0x00000000fbc00000)
  from space 30208K, 75% used [0x00000000fe280000,0x00000000ff8c8080,0x0000000100000000)
  to   space 34816K, 0% used [0x00000000fbc00000,0x00000000fbc00000,0x00000000fde00000)
 ParOldGen       total 82944K, used 53018K [0x00000000e0000000, 0x00000000e5100000, 0x00000000f5580000)
  object space 82944K, 63% used [0x00000000e0000000,0x00000000e33c6b38,0x00000000e5100000)
 Metaspace       used 14576K, capacity 14952K, committed 15232K, reserved 1062912K
  class space    used 1694K, capacity 1820K, committed 1920K, reserved 1048576K
GC Heap History (10 events):
Event: 8.111 GC heap before
{Heap before GC invocations=7 (full 0):
 PSYoungGen      total 72192K, used 72161K [0x00000000f5580000, 0x00000000fac80000, 0x0000000100000000)
  eden space 62976K, 100% used [0x00000000f5580000,0x00000000f9300000,0x00000000f9300000)
  from space 9216K, 99% used [0x00000000f9e80000,0x00000000fa778560,0x00000000fa780000)
  to   space 11776K, 0% used [0x00000000f9300000,0x00000000f9300000,0x00000000f9e80000)
 ParOldGen       total 44032K, used 17743K [0x00000000e0000000, 0x00000000e2b00000, 0x00000000f5580000)
  object space 44032K, 40% used [0x00000000e0000000,0x00000000e1153dd8,0x00000000e2b00000)
 Metaspace       used 7765K, capacity 8404K, committed 8576K, reserved 1056768K
  class space    used 950K, capacity 1094K, committed 1152K, reserved 1048576K
Event: 8.191 GC heap after
Heap after GC invocations=7 (full 0):
 PSYoungGen      total 74752K, used 11744K [0x00000000f5580000, 0x00000000ff480000, 0x0000000100000000)
  eden space 62976K, 0% used [0x00000000f5580000,0x00000000f5580000,0x00000000f9300000)
  from space 11776K, 99% used [0x00000000f9300000,0x00000000f9e78010,0x00000000f9e80000)
  to   space 18432K, 0% used [0x00000000fe280000,0x00000000fe280000,0x00000000ff480000)
 ParOldGen       total 44032K, used 26922K [0x00000000e0000000, 0x00000000e2b00000, 0x00000000f5580000)
  object space 44032K, 61% used [0x00000000e0000000,0x00000000e1a4ab60,0x00000000e2b00000)
 Metaspace       used 7765K, capacity 8404K, committed 8576K, reserved 1056768K
  class space    used 950K, capacity 1094K, committed 1152K, reserved 1048576K
}
Event: 8.574 GC heap before
{Heap before GC invocations=8 (full 0):
 PSYoungGen      total 74752K, used 74720K [0x00000000f5580000, 0x00000000ff480000, 0x0000000100000000)
  eden space 62976K, 100% used [0x00000000f5580000,0x00000000f9300000,0x00000000f9300000)
  from space 11776K, 99% used [0x00000000f9300000,0x00000000f9e78010,0x00000000f9e80000)
  to   space 18432K, 0% used [0x00000000fe280000,0x00000000fe280000,0x00000000ff480000)
 ParOldGen       total 44032K, used 26922K [0x00000000e0000000, 0x00000000e2b00000, 0x00000000f5580000)
  object space 44032K, 61% used [0x00000000e0000000,0x00000000e1a4ab60,0x00000000e2b00000)
 Metaspace       used 7777K, capacity 8416K, committed 8576K, reserved 1056768K
  class space    used 951K, capacity 1096K, committed 1152K, reserved 1048576K
Event: 8.690 GC heap after
Heap after GC invocations=8 (full 0):
 PSYoungGen      total 140288K, used 18423K [0x00000000f5580000, 0x00000000ffc80000, 0x0000000100000000)
  eden space 121856K, 0% used [0x00000000f5580000,0x00000000f5580000,0x00000000fcc80000)
  from space 18432K, 99% used [0x00000000fe280000,0x00000000ff47dea0,0x00000000ff480000)
  to   space 22528K, 0% used [0x00000000fcc80000,0x00000000fcc80000,0x00000000fe280000)
 ParOldGen       total 44032K, used 29650K [0x00000000e0000000, 0x00000000e2b00000, 0x00000000f5580000)
  object space 44032K, 67% used [0x00000000e0000000,0x00000000e1cf4b60,0x00000000e2b00000)
 Metaspace       used 7777K, capacity 8416K, committed 8576K, reserved 1056768K
  class space    used 951K, capacity 1096K, committed 1152K, reserved 1048576K
}
Event: 9.955 GC heap before
{Heap before GC invocations=9 (full 0):
 PSYoungGen      total 140288K, used 140279K [0x00000000f5580000, 0x00000000ffc80000, 0x0000000100000000)
  eden space 121856K, 100% used [0x00000000f5580000,0x00000000fcc80000,0x00000000fcc80000)
  from space 18432K, 99% used [0x00000000fe280000,0x00000000ff47dea0,0x00000000ff480000)
  to   space 22528K, 0% used [0x00000000fcc80000,0x00000000fcc80000,0x00000000fe280000)
 ParOldGen       total 44032K, used 29650K [0x00000000e0000000, 0x00000000e2b00000, 0x00000000f5580000)
  object space 44032K, 67% used [0x00000000e0000000,0x00000000e1cf4b60,0x00000000e2b00000)
 Metaspace       used 7997K, capacity 8548K, committed 8576K, reserved 1056768K
  class space    used 974K, capacity 1134K, committed 1152K, reserved 1048576K
Event: 10.089 GC heap after
Heap after GC invocations=9 (full 0):
 PSYoungGen      total 144384K, used 22519K [0x00000000f5580000, 0x0000000100000000, 0x0000000100000000)
  eden space 121856K, 0% used [0x00000000f5580000,0x00000000f5580000,0x00000000fcc80000)
  from space 22528K, 99% used [0x00000000fcc80000,0x00000000fe27dea0,0x00000000fe280000)
  to   space 30208K, 0% used [0x00000000fe280000,0x00000000fe280000,0x0000000100000000)
 ParOldGen       total 46592K, used 46151K [0x00000000e0000000, 0x00000000e2d80000, 0x00000000f5580000)
  object space 46592K, 99% used [0x00000000e0000000,0x00000000e2d11e18,0x00000000e2d80000)
 Metaspace       used 7997K, capacity 8548K, committed 8576K, reserved 1056768K
  class space    used 974K, capacity 1134K, committed 1152K, reserved 1048576K
}
Event: 10.089 GC heap before
{Heap before GC invocations=10 (full 1):
 PSYoungGen      total 144384K, used 22519K [0x00000000f5580000, 0x0000000100000000, 0x0000000100000000)
  eden space 121856K, 0% used [0x00000000f5580000,0x00000000f5580000,0x00000000fcc80000)
  from space 22528K, 99% used [0x00000000fcc80000,0x00000000fe27dea0,0x00000000fe280000)
  to   space 30208K, 0% used [0x00000000fe280000,0x00000000fe280000,0x0000000100000000)
 ParOldGen       total 46592K, used 46151K [0x00000000e0000000, 0x00000000e2d80000, 0x00000000f5580000)
  object space 46592K, 99% used [0x00000000e0000000,0x00000000e2d11e18,0x00000000e2d80000)
 Metaspace       used 7997K, capacity 8548K, committed 8576K, reserved 1056768K
  class space    used 974K, capacity 1134K, committed 1152K, reserved 1048576K
Event: 10.879 GC heap after
Heap after GC invocations=10 (full 1):
 PSYoungGen      total 144384K, used 17891K [0x00000000f5580000, 0x0000000100000000, 0x0000000100000000)
  eden space 121856K, 0% used [0x00000000f5580000,0x00000000f5580000,0x00000000fcc80000)
  from space 22528K, 79% used [0x00000000fcc80000,0x00000000fddf8c58,0x00000000fe280000)
  to   space 30208K, 0% used [0x00000000fe280000,0x00000000fe280000,0x0000000100000000)
 ParOldGen       total 82944K, used 46499K [0x00000000e0000000, 0x00000000e5100000, 0x00000000f5580000)
  object space 82944K, 56% used [0x00000000e0000000,0x00000000e2d68c98,0x00000000e5100000)
 Metaspace       used 7997K, capacity 8548K, committed 8576K, reserved 1056768K
  class space    used 974K, capacity 1134K, committed 1152K, reserved 1048576K
}
Event: 196.779 GC heap before
{Heap before GC invocations=11 (full 1):
 PSYoungGen      total 144384K, used 139747K [0x00000000f5580000, 0x0000000100000000, 0x0000000100000000)
  eden space 121856K, 100% used [0x00000000f5580000,0x00000000fcc80000,0x00000000fcc80000)
  from space 22528K, 79% used [0x00000000fcc80000,0x00000000fddf8c58,0x00000000fe280000)
  to   space 30208K, 0% used [0x00000000fe280000,0x00000000fe280000,0x0000000100000000)
 ParOldGen       total 82944K, used 46499K [0x00000000e0000000, 0x00000000e5100000, 0x00000000f5580000)
  object space 82944K, 56% used [0x00000000e0000000,0x00000000e2d68c98,0x00000000e5100000)
 Metaspace       used 8282K, capacity 8776K, committed 8832K, reserved 1056768K
  class space    used 994K, capacity 1140K, committed 1152K, reserved 1048576K
Event: 196.873 GC heap after
Heap after GC invocations=11 (full 1):
 PSYoungGen      total 135168K, used 22816K [0x00000000f5580000, 0x0000000100000000, 0x0000000100000000)
  eden space 104960K, 0% used [0x00000000f5580000,0x00000000f5580000,0x00000000fbc00000)
  from space 30208K, 75% used [0x00000000fe280000,0x00000000ff8c8080,0x0000000100000000)
  to   space 34816K, 0% used [0x00000000fbc00000,0x00000000fbc00000,0x00000000fde00000)
 ParOldGen       total 82944K, used 53018K [0x00000000e0000000, 0x00000000e5100000, 0x00000000f5580000)
  object space 82944K, 63% used [0x00000000e0000000,0x00000000e33c6b38,0x00000000e5100000)
 Metaspace       used 8282K, capacity 8776K, committed 8832K, reserved 1056768K
  class space    used 994K, capacity 1140K, committed 1152K, reserved 1048576K
}

